<?xml version="1.0" encoding="UTF-8"?>
<!-- Generated by org.testng.reporters.JUnitXMLReporter -->
<testsuite hostname="DESKTOP-53N1BVJ" name="Default test" tests="14" failures="0" timestamp="13 Jan 2024 08:10:15 GMT" time="3.485" errors="0">
  <testcase name="@BeforeMethod setUp" time="0.0" classname="com.flipcart.tdd.testcases.LoginPageTest">
    <failure type="org.openqa.selenium.SessionNotCreatedException" message="session not created: This version of ChromeDriver only supports Chrome version 114
Current browser version is 120.0.6099.217 with binary path C:\Program Files\Google\Chrome\Application\chrome.exe
Build info: version: &amp;apos;3.141.59&amp;apos;, revision: &amp;apos;e82be7d358&amp;apos;, time: &amp;apos;2018-11-14T08:17:03&amp;apos;
System info: host: &amp;apos;DESKTOP-53N1BVJ&amp;apos;, ip: &amp;apos;192.168.1.34&amp;apos;, os.name: &amp;apos;Windows 11&amp;apos;, os.arch: &amp;apos;amd64&amp;apos;, os.version: &amp;apos;10.0&amp;apos;, java.version: &amp;apos;1.8.0_333&amp;apos;
Driver info: driver.version: ChromeDriver
remote stacktrace: Backtrace:
	GetHandleVerifier [0x0037A813+48355]
	(No symbol) [0x0030C4B1]
	(No symbol) [0x00215358]
	(No symbol) [0x002361AC]
	(No symbol) [0x00231EF3]
	(No symbol) [0x00230579]
	(No symbol) [0x00260C55]
	(No symbol) [0x0026093C]
	(No symbol) [0x0025A536]
	(No symbol) [0x002382DC]
	(No symbol) [0x002393DD]
	GetHandleVerifier [0x005DAABD+2539405]
	GetHandleVerifier [0x0061A78F+2800735]
	GetHandleVerifier [0x0061456C+2775612]
	GetHandleVerifier [0x004051E0+616112]
	(No symbol) [0x00315F8C]
	(No symbol) [0x00312328]
	(No symbol) [0x0031240B]
	(No symbol) [0x00304FF7]
	BaseThreadInitThunk [0x75F37BA9+25]
	RtlInitializeExceptionChain [0x77D6BD2B+107]
	RtlClearBits [0x77D6BCAF+191]
">
      <![CDATA[org.openqa.selenium.SessionNotCreatedException: session not created: This version of ChromeDriver only supports Chrome version 114
Current browser version is 120.0.6099.217 with binary path C:\Program Files\Google\Chrome\Application\chrome.exe
Build info: version: '3.141.59', revision: 'e82be7d358', time: '2018-11-14T08:17:03'
System info: host: 'DESKTOP-53N1BVJ', ip: '192.168.1.34', os.name: 'Windows 11', os.arch: 'amd64', os.version: '10.0', java.version: '1.8.0_333'
Driver info: driver.version: ChromeDriver
remote stacktrace: Backtrace:
	GetHandleVerifier [0x0037A813+48355]
	(No symbol) [0x0030C4B1]
	(No symbol) [0x00215358]
	(No symbol) [0x002361AC]
	(No symbol) [0x00231EF3]
	(No symbol) [0x00230579]
	(No symbol) [0x00260C55]
	(No symbol) [0x0026093C]
	(No symbol) [0x0025A536]
	(No symbol) [0x002382DC]
	(No symbol) [0x002393DD]
	GetHandleVerifier [0x005DAABD+2539405]
	GetHandleVerifier [0x0061A78F+2800735]
	GetHandleVerifier [0x0061456C+2775612]
	GetHandleVerifier [0x004051E0+616112]
	(No symbol) [0x00315F8C]
	(No symbol) [0x00312328]
	(No symbol) [0x0031240B]
	(No symbol) [0x00304FF7]
	BaseThreadInitThunk [0x75F37BA9+25]
	RtlInitializeExceptionChain [0x77D6BD2B+107]
	RtlClearBits [0x77D6BCAF+191]

	at sun.reflect.NativeConstructorAccessorImpl.newInstance0(Native Method)
	at sun.reflect.NativeConstructorAccessorImpl.newInstance(Unknown Source)
	at sun.reflect.DelegatingConstructorAccessorImpl.newInstance(Unknown Source)
	at java.lang.reflect.Constructor.newInstance(Unknown Source)
	at org.openqa.selenium.remote.W3CHandshakeResponse.lambda$errorHandler$0(W3CHandshakeResponse.java:62)
	at org.openqa.selenium.remote.HandshakeResponse.lambda$getResponseFunction$0(HandshakeResponse.java:30)
	at org.openqa.selenium.remote.ProtocolHandshake.lambda$createSession$0(ProtocolHandshake.java:126)
	at java.util.stream.ReferencePipeline$3$1.accept(Unknown Source)
	at java.util.Spliterators$ArraySpliterator.tryAdvance(Unknown Source)
	at java.util.stream.ReferencePipeline.forEachWithCancel(Unknown Source)
	at java.util.stream.AbstractPipeline.copyIntoWithCancel(Unknown Source)
	at java.util.stream.AbstractPipeline.copyInto(Unknown Source)
	at java.util.stream.AbstractPipeline.wrapAndCopyInto(Unknown Source)
	at java.util.stream.FindOps$FindOp.evaluateSequential(Unknown Source)
	at java.util.stream.AbstractPipeline.evaluate(Unknown Source)
	at java.util.stream.ReferencePipeline.findFirst(Unknown Source)
	at org.openqa.selenium.remote.ProtocolHandshake.createSession(ProtocolHandshake.java:128)
	at org.openqa.selenium.remote.ProtocolHandshake.createSession(ProtocolHandshake.java:74)
	at org.openqa.selenium.remote.HttpCommandExecutor.execute(HttpCommandExecutor.java:136)
	at org.openqa.selenium.remote.service.DriverCommandExecutor.execute(DriverCommandExecutor.java:83)
	at org.openqa.selenium.remote.RemoteWebDriver.execute(RemoteWebDriver.java:552)
	at org.openqa.selenium.remote.RemoteWebDriver.startSession(RemoteWebDriver.java:213)
	at org.openqa.selenium.remote.RemoteWebDriver.<init>(RemoteWebDriver.java:131)
	at org.openqa.selenium.chrome.ChromeDriver.<init>(ChromeDriver.java:181)
	at org.openqa.selenium.chrome.ChromeDriver.<init>(ChromeDriver.java:168)
	at org.openqa.selenium.chrome.ChromeDriver.<init>(ChromeDriver.java:123)
	at com.flipcart.tdd.base.TestBase.initialization(TestBase.java:45)
	at com.flipcart.tdd.testcases.LoginPageTest.setUp(LoginPageTest.java:24)
	at sun.reflect.NativeMethodAccessorImpl.invoke0(Native Method)
	at sun.reflect.NativeMethodAccessorImpl.invoke(Unknown Source)
	at sun.reflect.DelegatingMethodAccessorImpl.invoke(Unknown Source)
	at java.lang.reflect.Method.invoke(Unknown Source)
	at org.testng.internal.MethodInvocationHelper.invokeMethod(MethodInvocationHelper.java:86)
	at org.testng.internal.Invoker.invokeConfigurationMethod(Invoker.java:514)
	at org.testng.internal.Invoker.invokeConfigurations(Invoker.java:215)
	at org.testng.internal.Invoker.invokeMethod(Invoker.java:589)
	at org.testng.internal.Invoker.invokeTestMethod(Invoker.java:822)
	at org.testng.internal.Invoker.invokeTestMethods(Invoker.java:1130)
	at org.testng.internal.TestMethodWorker.invokeTestMethods(TestMethodWorker.java:129)
	at org.testng.internal.TestMethodWorker.run(TestMethodWorker.java:112)
	at org.testng.TestRunner.privateRun(TestRunner.java:782)
	at org.testng.TestRunner.run(TestRunner.java:632)
	at org.testng.SuiteRunner.runTest(SuiteRunner.java:366)
	at org.testng.SuiteRunner.runSequentially(SuiteRunner.java:361)
	at org.testng.SuiteRunner.privateRun(SuiteRunner.java:319)
	at org.testng.SuiteRunner.run(SuiteRunner.java:268)
	at org.testng.SuiteRunnerWorker.runSuite(SuiteRunnerWorker.java:52)
	at org.testng.SuiteRunnerWorker.run(SuiteRunnerWorker.java:86)
	at org.testng.TestNG.runSuitesSequentially(TestNG.java:1244)
	at org.testng.TestNG.runSuitesLocally(TestNG.java:1169)
	at org.testng.TestNG.run(TestNG.java:1064)
	at org.testng.remote.RemoteTestNG.run(RemoteTestNG.java:113)
	at org.testng.remote.RemoteTestNG.initAndRun(RemoteTestNG.java:206)
	at org.testng.remote.RemoteTestNG.main(RemoteTestNG.java:177)
]]>
    </failure>
  </testcase> <!-- @BeforeMethod setUp -->
  <testcase name="@AfterMethod close" time="0.0" classname="com.flipcart.tdd.testcases.LoginPageTest">
    <skipped/>
  </testcase> <!-- @AfterMethod close -->
  <testcase name="@AfterMethod tearDown" time="0.0" classname="com.flipcart.tdd.testcases.LoginPageTest">
    <skipped/>
  </testcase> <!-- @AfterMethod tearDown -->
  <testcase name="@BeforeMethod setUp" time="0.0" classname="com.flipcart.tdd.testcases.LoginPageTest">
    <skipped/>
  </testcase> <!-- @BeforeMethod setUp -->
  <testcase name="@AfterMethod close" time="0.0" classname="com.flipcart.tdd.testcases.LoginPageTest">
    <skipped/>
  </testcase> <!-- @AfterMethod close -->
  <testcase name="@AfterMethod tearDown" time="0.0" classname="com.flipcart.tdd.testcases.LoginPageTest">
    <skipped/>
  </testcase> <!-- @AfterMethod tearDown -->
  <testcase name="@BeforeMethod setUp" time="0.0" classname="com.flipcart.tdd.testcases.LoginPageTest">
    <skipped/>
  </testcase> <!-- @BeforeMethod setUp -->
  <testcase name="@AfterMethod close" time="0.0" classname="com.flipcart.tdd.testcases.LoginPageTest">
    <skipped/>
  </testcase> <!-- @AfterMethod close -->
  <testcase name="@AfterMethod tearDown" time="0.0" classname="com.flipcart.tdd.testcases.LoginPageTest">
    <skipped/>
  </testcase> <!-- @AfterMethod tearDown -->
  <testcase name="@BeforeMethod setUp" time="0.0" classname="com.flipcart.tdd.testcases.LoginPageTest">
    <skipped/>
  </testcase> <!-- @BeforeMethod setUp -->
  <testcase name="@AfterMethod close" time="0.0" classname="com.flipcart.tdd.testcases.LoginPageTest">
    <skipped/>
  </testcase> <!-- @AfterMethod close -->
  <testcase name="@AfterMethod tearDown" time="0.0" classname="com.flipcart.tdd.testcases.LoginPageTest">
    <skipped/>
  </testcase> <!-- @AfterMethod tearDown -->
  <testcase name="@BeforeMethod setUp" time="0.0" classname="com.flipcart.tdd.testcases.LoginPageTest">
    <skipped/>
  </testcase> <!-- @BeforeMethod setUp -->
  <testcase name="@AfterMethod close" time="0.0" classname="com.flipcart.tdd.testcases.LoginPageTest">
    <skipped/>
  </testcase> <!-- @AfterMethod close -->
  <testcase name="@AfterMethod tearDown" time="0.0" classname="com.flipcart.tdd.testcases.LoginPageTest">
    <skipped/>
  </testcase> <!-- @AfterMethod tearDown -->
  <testcase name="@BeforeMethod setUp" time="0.0" classname="com.flipcart.tdd.testcases.LoginPageTest">
    <skipped/>
  </testcase> <!-- @BeforeMethod setUp -->
  <testcase name="@AfterMethod close" time="0.0" classname="com.flipcart.tdd.testcases.LoginPageTest">
    <skipped/>
  </testcase> <!-- @AfterMethod close -->
  <testcase name="@AfterMethod tearDown" time="0.0" classname="com.flipcart.tdd.testcases.LoginPageTest">
    <skipped/>
  </testcase> <!-- @AfterMethod tearDown -->
  <testcase name="@BeforeMethod setUp" time="0.0" classname="com.flipcart.tdd.testcases.LoginPageTest">
    <skipped/>
  </testcase> <!-- @BeforeMethod setUp -->
  <testcase name="@AfterMethod close" time="0.0" classname="com.flipcart.tdd.testcases.LoginPageTest">
    <skipped/>
  </testcase> <!-- @AfterMethod close -->
  <testcase name="@AfterMethod tearDown" time="0.0" classname="com.flipcart.tdd.testcases.LoginPageTest">
    <skipped/>
  </testcase> <!-- @AfterMethod tearDown -->
  <testcase name="@BeforeMethod setUp" time="0.0" classname="com.flipcart.tdd.testcases.LoginPageTest">
    <skipped/>
  </testcase> <!-- @BeforeMethod setUp -->
  <testcase name="@AfterMethod close" time="0.0" classname="com.flipcart.tdd.testcases.LoginPageTest">
    <skipped/>
  </testcase> <!-- @AfterMethod close -->
  <testcase name="@AfterMethod tearDown" time="0.0" classname="com.flipcart.tdd.testcases.LoginPageTest">
    <skipped/>
  </testcase> <!-- @AfterMethod tearDown -->
  <testcase name="@BeforeMethod setUp" time="0.0" classname="com.flipcart.tdd.testcases.LoginPageTest">
    <skipped/>
  </testcase> <!-- @BeforeMethod setUp -->
  <testcase name="@AfterMethod close" time="0.0" classname="com.flipcart.tdd.testcases.LoginPageTest">
    <skipped/>
  </testcase> <!-- @AfterMethod close -->
  <testcase name="@AfterMethod tearDown" time="0.0" classname="com.flipcart.tdd.testcases.LoginPageTest">
    <skipped/>
  </testcase> <!-- @AfterMethod tearDown -->
  <testcase name="validateTitleTest" time="0.002" classname="com.flipcart.tdd.testcases.LoginPageTest">
    <skipped/>
  </testcase> <!-- validateTitleTest -->
  <testcase name="validateLoginTest" time="0.0" classname="com.flipcart.tdd.testcases.LoginPageTest">
    <skipped/>
  </testcase> <!-- validateLoginTest -->
  <testcase name="invalidateLoginTest" time="0.001" classname="com.flipcart.tdd.testcases.LoginPageTest">
    <skipped/>
  </testcase> <!-- invalidateLoginTest -->
  <testcase name="register" time="0.0" classname="com.flipcart.tdd.testcases.LoginPageTest">
    <skipped/>
  </testcase> <!-- register -->
  <testcase name="showProfile" time="0.0" classname="com.flipcart.tdd.testcases.LoginPageTest">
    <skipped/>
  </testcase> <!-- showProfile -->
  <testcase name="coin" time="0.0" classname="com.flipcart.tdd.testcases.LoginPageTest">
    <skipped/>
  </testcase> <!-- coin -->
  <testcase name="showorders" time="0.0" classname="com.flipcart.tdd.testcases.LoginPageTest">
    <skipped/>
  </testcase> <!-- showorders -->
  <testcase name="showWishlist" time="0.0" classname="com.flipcart.tdd.testcases.LoginPageTest">
    <skipped/>
  </testcase> <!-- showWishlist -->
  <testcase name="logOut" time="0.0" classname="com.flipcart.tdd.testcases.LoginPageTest">
    <skipped/>
  </testcase> <!-- logOut -->
  <testcase name="search" time="0.0" classname="com.flipcart.tdd.testcases.LoginPageTest">
    <skipped/>
  </testcase> <!-- search -->
  <testcase name="buy" time="0.0" classname="com.flipcart.tdd.testcases.LoginPageTest">
    <skipped/>
  </testcase> <!-- buy -->
  <testcase name="cart" time="0.0" classname="com.flipcart.tdd.testcases.LoginPageTest">
    <skipped/>
  </testcase> <!-- cart -->
  <testcase name="selectFromMenu" time="0.001" classname="com.flipcart.tdd.testcases.LoginPageTest">
    <skipped/>
  </testcase> <!-- selectFromMenu -->
  <testcase name="orderProducts" time="0.0" classname="com.flipcart.tdd.testcases.LoginPageTest">
    <skipped/>
  </testcase> <!-- orderProducts -->
</testsuite> <!-- Default test -->
